/home/vazumah/Python_projects/LiNRR/autocad_start/slab_experiments/fixed_slab_def_vacuum
# conda environments:
#
GPAW                     /home/vazumah/.conda/envs/GPAW
mpiGPAW                  /home/vazumah/.conda/envs/mpiGPAW
mybase                   /home/vazumah/.conda/envs/mybase
base                  *  /home/vazumah/miniconda3
nGPAW                    /home/vazumah/miniconda3/envs/nGPAW

# conda environments:
#
GPAW                  *  /home/vazumah/.conda/envs/GPAW
mpiGPAW                  /home/vazumah/.conda/envs/mpiGPAW
mybase                   /home/vazumah/.conda/envs/mybase
base                     /home/vazumah/miniconda3
nGPAW                    /home/vazumah/miniconda3/envs/nGPAW

The energy is given by: -997.914 eV
Code run to end
The energy is given by: -997.914 eV
Code run to end
The energy is given by: -997.914 eV
Code run to end
The energy is given by: -997.914 eV
Code run to end
The energy is given by: -997.914 eV
Code run to end
The energy is given by: -997.914 eV
Code run to end
The energy is given by: -997.914 eV
Code run to end
The energy is given by: -997.914 eV
Code run to end
The energy is given by: -997.914 eV
The energy is given by: -997.914 eV
Code run to end
The energy is given by: -997.914 eV
The energy is given by: -997.914 eV
Code run to end
The energy is given by: -997.914 eV
Code run to end
The energy is given by: -997.914 eV
Code run to end
The energy is given by: -997.914 eV
The energy is given by: -997.914 eV
Code run to end
Code run to end
The energy is given by: -997.914 eV
Code run to end
Code run to end
The energy is given by: -997.914 eV
The energy is given by: -997.914 eV
Code run to end
The energy is given by: -997.914 eV
Code run to end
Code run to end
The energy is given by: -997.914 eV
Code run to end
Code run to end
The energy is given by: -997.914 eV
Code run to end
The energy is given by: -997.914 eV
Code run to end
The energy is given by: -997.914 eV
Code run to end
